# JRE version: OpenJDK Runtime Environment (21.0.6) (build 21.0.6+-13368085-b895.109)
# Java VM: OpenJDK 64-Bit Server VM (21.0.6+-13368085-b895.109, mixed mode, tiered, compressed oops, compressed class ptrs, g1 gc, windows-amd64)
GC Precious Log:
 CardTable entry size: 512
 Card Set container configuration: InlinePtr #cards 5 size 8 Array Of Cards #cards 12 size 40 Howl #buckets 4 coarsen threshold 1843 Howl Bitmap #cards 512 size 80 coarsen threshold 460 Card regions per heap region 1 cards per card region 2048
 CPUs: 12 total, 12 available
 Memory: 32529M
 Large Page Support: Disabled
 NUMA Support: Disabled
 Compressed Oops: Enabled (32-bit)
 Heap Region Size: 1M
 Heap Min Capacity: 8M
 Heap Initial Capacity: 510M
 Heap Max Capacity: 2G
 Pre-touch: Disabled
 Parallel Workers: 10
 Concurrent Workers: 3
 Concurrent Refinement Workers: 10
 Periodic GC: Disabled
Heap:
 garbage-first heap   total 317440K, used 236888K [0x0000000080000000, 0x0000000100000000)
  region size 1024K, 50 young (51200K), 6 survivors (6144K)
 Metaspace       used 137064K, committed 139712K, reserved 1179648K
  class space    used 18197K, committed 19520K, reserved 1048576K
GC Heap History (20 events):
Event: 11.698 GC heap before
{Heap before GC invocations=22 (full 0):
 garbage-first heap   total 269312K, used 255649K [0x0000000080000000, 0x0000000100000000)
  region size 1024K, 116 young (118784K), 13 survivors (13312K)
 Metaspace       used 112581K, committed 114944K, reserved 1179648K
  class space    used 15281K, committed 16448K, reserved 1048576K
}
Event: 11.708 GC heap after
{Heap after GC invocations=23 (full 0):
 garbage-first heap   total 278528K, used 156442K [0x0000000080000000, 0x0000000100000000)
  region size 1024K, 15 young (15360K), 15 survivors (15360K)
 Metaspace       used 112581K, committed 114944K, reserved 1179648K
  class space    used 15281K, committed 16448K, reserved 1048576K
}
Event: 12.262 GC heap before
{Heap before GC invocations=23 (full 0):
 garbage-first heap   total 278528K, used 247578K [0x0000000080000000, 0x0000000100000000)
  region size 1024K, 104 young (106496K), 15 survivors (15360K)
 Metaspace       used 113922K, committed 116224K, reserved 1179648K
  class space    used 15474K, committed 16640K, reserved 1048576K
}
Event: 12.270 GC heap after
{Heap after GC invocations=24 (full 0):
 garbage-first heap   total 278528K, used 160610K [0x0000000080000000, 0x0000000100000000)
  region size 1024K, 7 young (7168K), 7 survivors (7168K)
 Metaspace       used 113922K, committed 116224K, reserved 1179648K
  class space    used 15474K, committed 16640K, reserved 1048576K
}
Event: 12.741 GC heap before
{Heap before GC invocations=25 (full 0):
 garbage-first heap   total 278528K, used 254818K [0x0000000080000000, 0x0000000100000000)
  region size 1024K, 99 young (101376K), 7 survivors (7168K)
 Metaspace       used 113932K, committed 116288K, reserved 1179648K
  class space    used 15477K, committed 16640K, reserved 1048576K
}
Event: 12.744 GC heap after
{Heap after GC invocations=26 (full 0):
 garbage-first heap   total 278528K, used 163387K [0x0000000080000000, 0x0000000100000000)
  region size 1024K, 10 young (10240K), 10 survivors (10240K)
 Metaspace       used 113932K, committed 116288K, reserved 1179648K
  class space    used 15477K, committed 16640K, reserved 1048576K
}
Event: 13.277 GC heap before
{Heap before GC invocations=26 (full 0):
 garbage-first heap   total 278528K, used 250427K [0x0000000080000000, 0x0000000100000000)
  region size 1024K, 96 young (98304K), 10 survivors (10240K)
 Metaspace       used 115229K, committed 117568K, reserved 1179648K
  class space    used 15647K, committed 16832K, reserved 1048576K
}
Event: 13.284 GC heap after
{Heap after GC invocations=27 (full 0):
 garbage-first heap   total 278528K, used 166055K [0x0000000080000000, 0x0000000100000000)
  region size 1024K, 10 young (10240K), 10 survivors (10240K)
 Metaspace       used 115229K, committed 117568K, reserved 1179648K
  class space    used 15647K, committed 16832K, reserved 1048576K
}
Event: 13.396 GC heap before
{Heap before GC invocations=27 (full 0):
 garbage-first heap   total 278528K, used 185511K [0x0000000080000000, 0x0000000100000000)
  region size 1024K, 30 young (30720K), 10 survivors (10240K)
 Metaspace       used 117356K, committed 119744K, reserved 1179648K
  class space    used 15889K, committed 17088K, reserved 1048576K
}
Event: 13.400 GC heap after
{Heap after GC invocations=28 (full 0):
 garbage-first heap   total 278528K, used 169070K [0x0000000080000000, 0x0000000100000000)
  region size 1024K, 9 young (9216K), 9 survivors (9216K)
 Metaspace       used 117356K, committed 119744K, reserved 1179648K
  class space    used 15889K, committed 17088K, reserved 1048576K
}
Event: 14.232 GC heap before
{Heap before GC invocations=29 (full 0):
 garbage-first heap   total 286720K, used 256110K [0x0000000080000000, 0x0000000100000000)
  region size 1024K, 92 young (94208K), 9 survivors (9216K)
 Metaspace       used 125877K, committed 128384K, reserved 1179648K
  class space    used 17008K, committed 18240K, reserved 1048576K
}
Event: 14.239 GC heap after
{Heap after GC invocations=30 (full 0):
 garbage-first heap   total 286720K, used 172767K [0x0000000080000000, 0x0000000100000000)
  region size 1024K, 7 young (7168K), 7 survivors (7168K)
 Metaspace       used 125877K, committed 128384K, reserved 1179648K
  class space    used 17008K, committed 18240K, reserved 1048576K
}
Event: 25.063 GC heap before
{Heap before GC invocations=30 (full 0):
 garbage-first heap   total 286720K, used 269023K [0x0000000080000000, 0x0000000100000000)
  region size 1024K, 97 young (99328K), 7 survivors (7168K)
 Metaspace       used 130032K, committed 132544K, reserved 1179648K
  class space    used 17348K, committed 18624K, reserved 1048576K
}
Event: 25.072 GC heap after
{Heap after GC invocations=31 (full 0):
 garbage-first heap   total 288768K, used 180501K [0x0000000080000000, 0x0000000100000000)
  region size 1024K, 13 young (13312K), 13 survivors (13312K)
 Metaspace       used 130032K, committed 132544K, reserved 1179648K
  class space    used 17348K, committed 18624K, reserved 1048576K
}
Event: 26.224 GC heap before
{Heap before GC invocations=31 (full 0):
 garbage-first heap   total 288768K, used 259349K [0x0000000080000000, 0x0000000100000000)
  region size 1024K, 90 young (92160K), 13 survivors (13312K)
 Metaspace       used 132760K, committed 135296K, reserved 1179648K
  class space    used 17660K, committed 18944K, reserved 1048576K
}
Event: 26.233 GC heap after
{Heap after GC invocations=32 (full 0):
 garbage-first heap   total 288768K, used 189855K [0x0000000080000000, 0x0000000100000000)
  region size 1024K, 10 young (10240K), 10 survivors (10240K)
 Metaspace       used 132760K, committed 135296K, reserved 1179648K
  class space    used 17660K, committed 18944K, reserved 1048576K
}
Event: 36.557 GC heap before
{Heap before GC invocations=33 (full 0):
 garbage-first heap   total 317440K, used 261535K [0x0000000080000000, 0x0000000100000000)
  region size 1024K, 80 young (81920K), 10 survivors (10240K)
 Metaspace       used 134909K, committed 137536K, reserved 1179648K
  class space    used 17926K, committed 19264K, reserved 1048576K
}
Event: 36.566 GC heap after
{Heap after GC invocations=34 (full 0):
 garbage-first heap   total 317440K, used 195008K [0x0000000080000000, 0x0000000100000000)
  region size 1024K, 6 young (6144K), 6 survivors (6144K)
 Metaspace       used 134909K, committed 137536K, reserved 1179648K
  class space    used 17926K, committed 19264K, reserved 1048576K
}
Event: 53.766 GC heap before
{Heap before GC invocations=34 (full 0):
 garbage-first heap   total 317440K, used 293312K [0x0000000080000000, 0x0000000100000000)
  region size 1024K, 103 young (105472K), 6 survivors (6144K)
 Metaspace       used 136469K, committed 139072K, reserved 1179648K
  class space    used 18135K, committed 19456K, reserved 1048576K
}
Event: 53.771 GC heap after
{Heap after GC invocations=35 (full 0):
 garbage-first heap   total 317440K, used 193880K [0x0000000080000000, 0x0000000100000000)
  region size 1024K, 6 young (6144K), 6 survivors (6144K)
 Metaspace       used 136469K, committed 139072K, reserved 1179648K
  class space    used 18135K, committed 19456K, reserved 1048576K
}

