# JRE version: OpenJDK Runtime Environment (21.0.6) (build 21.0.6+-13368085-b895.109)
# Java VM: OpenJDK 64-Bit Server VM (21.0.6+-13368085-b895.109, mixed mode, tiered, compressed oops, compressed class ptrs, g1 gc, windows-amd64)
GC Precious Log:
 CardTable entry size: 512
 Card Set container configuration: InlinePtr #cards 5 size 8 Array Of Cards #cards 12 size 40 Howl #buckets 4 coarsen threshold 1843 Howl Bitmap #cards 512 size 80 coarsen threshold 460 Card regions per heap region 1 cards per card region 2048
 CPUs: 12 total, 12 available
 Memory: 32529M
 Large Page Support: Disabled
 NUMA Support: Disabled
 Compressed Oops: Enabled (32-bit)
 Heap Region Size: 1M
 Heap Min Capacity: 8M
 Heap Initial Capacity: 510M
 Heap Max Capacity: 2G
 Pre-touch: Disabled
 Parallel Workers: 10
 Concurrent Workers: 3
 Concurrent Refinement Workers: 10
 Periodic GC: Disabled
Heap:
 garbage-first heap   total 317440K, used 263122K [0x0000000080000000, 0x0000000100000000)
  region size 1024K, 166 young (169984K), 23 survivors (23552K)
 Metaspace       used 122626K, committed 124992K, reserved 1179648K
  class space    used 16686K, committed 17920K, reserved 1048576K
GC Heap History (20 events):
Event: 4.178 GC heap before
{Heap before GC invocations=11 (full 0):
 garbage-first heap   total 295936K, used 171633K [0x0000000080000000, 0x0000000100000000)
  region size 1024K, 140 young (143360K), 3 survivors (3072K)
 Metaspace       used 58646K, committed 60160K, reserved 1114112K
  class space    used 7878K, committed 8640K, reserved 1048576K
}
Event: 4.190 GC heap after
{Heap after GC invocations=12 (full 0):
 garbage-first heap   total 295936K, used 37797K [0x0000000080000000, 0x0000000100000000)
  region size 1024K, 9 young (9216K), 9 survivors (9216K)
 Metaspace       used 58646K, committed 60160K, reserved 1114112K
  class space    used 7878K, committed 8640K, reserved 1048576K
}
Event: 4.994 GC heap before
{Heap before GC invocations=13 (full 0):
 garbage-first heap   total 126976K, used 104357K [0x0000000080000000, 0x0000000100000000)
  region size 1024K, 74 young (75776K), 9 survivors (9216K)
 Metaspace       used 66473K, committed 68224K, reserved 1114112K
  class space    used 9069K, committed 9920K, reserved 1048576K
}
Event: 5.000 GC heap after
{Heap after GC invocations=14 (full 0):
 garbage-first heap   total 126976K, used 43206K [0x0000000080000000, 0x0000000100000000)
  region size 1024K, 6 young (6144K), 6 survivors (6144K)
 Metaspace       used 66473K, committed 68224K, reserved 1114112K
  class space    used 9069K, committed 9920K, reserved 1048576K
}
Event: 5.379 GC heap before
{Heap before GC invocations=14 (full 0):
 garbage-first heap   total 126976K, used 109766K [0x0000000080000000, 0x0000000100000000)
  region size 1024K, 72 young (73728K), 6 survivors (6144K)
 Metaspace       used 67891K, committed 69568K, reserved 1114112K
  class space    used 9239K, committed 10048K, reserved 1048576K
}
Event: 5.386 GC heap after
{Heap after GC invocations=15 (full 0):
 garbage-first heap   total 126976K, used 49521K [0x0000000080000000, 0x0000000100000000)
  region size 1024K, 7 young (7168K), 7 survivors (7168K)
 Metaspace       used 67891K, committed 69568K, reserved 1114112K
  class space    used 9239K, committed 10048K, reserved 1048576K
}
Event: 5.532 GC heap before
{Heap before GC invocations=15 (full 0):
 garbage-first heap   total 126976K, used 109937K [0x0000000080000000, 0x0000000100000000)
  region size 1024K, 67 young (68608K), 7 survivors (7168K)
 Metaspace       used 68205K, committed 69888K, reserved 1114112K
  class space    used 9239K, committed 10048K, reserved 1048576K
}
Event: 5.535 GC heap after
{Heap after GC invocations=16 (full 0):
 garbage-first heap   total 126976K, used 51682K [0x0000000080000000, 0x0000000100000000)
  region size 1024K, 5 young (5120K), 5 survivors (5120K)
 Metaspace       used 68205K, committed 69888K, reserved 1114112K
  class space    used 9239K, committed 10048K, reserved 1048576K
}
Event: 5.668 GC heap before
{Heap before GC invocations=16 (full 0):
 garbage-first heap   total 126976K, used 90594K [0x0000000080000000, 0x0000000100000000)
  region size 1024K, 44 young (45056K), 5 survivors (5120K)
 Metaspace       used 68494K, committed 70208K, reserved 1114112K
  class space    used 9279K, committed 10112K, reserved 1048576K
}
Event: 5.672 GC heap after
{Heap after GC invocations=17 (full 0):
 garbage-first heap   total 324608K, used 53959K [0x0000000080000000, 0x0000000100000000)
  region size 1024K, 6 young (6144K), 6 survivors (6144K)
 Metaspace       used 68494K, committed 70208K, reserved 1114112K
  class space    used 9279K, committed 10112K, reserved 1048576K
}
Event: 7.348 GC heap before
{Heap before GC invocations=17 (full 0):
 garbage-first heap   total 324608K, used 259783K [0x0000000080000000, 0x0000000100000000)
  region size 1024K, 190 young (194560K), 6 survivors (6144K)
 Metaspace       used 84967K, committed 86848K, reserved 1179648K
  class space    used 11347K, committed 12288K, reserved 1048576K
}
Event: 7.368 GC heap after
{Heap after GC invocations=18 (full 0):
 garbage-first heap   total 324608K, used 83936K [0x0000000080000000, 0x0000000100000000)
  region size 1024K, 22 young (22528K), 22 survivors (22528K)
 Metaspace       used 84967K, committed 86848K, reserved 1179648K
  class space    used 11347K, committed 12288K, reserved 1048576K
}
Event: 8.610 GC heap before
{Heap before GC invocations=18 (full 0):
 garbage-first heap   total 324608K, used 259040K [0x0000000080000000, 0x0000000100000000)
  region size 1024K, 190 young (194560K), 22 survivors (22528K)
 Metaspace       used 97123K, committed 99136K, reserved 1179648K
  class space    used 13052K, committed 14080K, reserved 1048576K
}
Event: 8.620 GC heap after
{Heap after GC invocations=19 (full 0):
 garbage-first heap   total 324608K, used 94486K [0x0000000080000000, 0x0000000100000000)
  region size 1024K, 11 young (11264K), 11 survivors (11264K)
 Metaspace       used 97123K, committed 99136K, reserved 1179648K
  class space    used 13052K, committed 14080K, reserved 1048576K
}
Event: 8.740 GC heap before
{Heap before GC invocations=19 (full 0):
 garbage-first heap   total 324608K, used 110870K [0x0000000080000000, 0x0000000100000000)
  region size 1024K, 28 young (28672K), 11 survivors (11264K)
 Metaspace       used 98497K, committed 100480K, reserved 1179648K
  class space    used 13314K, committed 14336K, reserved 1048576K
}
Event: 8.744 GC heap after
{Heap after GC invocations=20 (full 0):
 garbage-first heap   total 324608K, used 94822K [0x0000000080000000, 0x0000000100000000)
  region size 1024K, 11 young (11264K), 11 survivors (11264K)
 Metaspace       used 98497K, committed 100480K, reserved 1179648K
  class space    used 13314K, committed 14336K, reserved 1048576K
}
Event: 10.156 GC heap before
{Heap before GC invocations=21 (full 0):
 garbage-first heap   total 317440K, used 274022K [0x0000000080000000, 0x0000000100000000)
  region size 1024K, 186 young (190464K), 11 survivors (11264K)
 Metaspace       used 111941K, committed 114112K, reserved 1179648K
  class space    used 15276K, committed 16384K, reserved 1048576K
}
Event: 10.165 GC heap after
{Heap after GC invocations=22 (full 0):
 garbage-first heap   total 317440K, used 105228K [0x0000000080000000, 0x0000000100000000)
  region size 1024K, 21 young (21504K), 21 survivors (21504K)
 Metaspace       used 111941K, committed 114112K, reserved 1179648K
  class space    used 15276K, committed 16384K, reserved 1048576K
}
Event: 11.009 GC heap before
{Heap before GC invocations=22 (full 0):
 garbage-first heap   total 317440K, used 273164K [0x0000000080000000, 0x0000000100000000)
  region size 1024K, 186 young (190464K), 21 survivors (21504K)
 Metaspace       used 115350K, committed 117568K, reserved 1179648K
  class space    used 15808K, committed 16896K, reserved 1048576K
}
Event: 11.021 GC heap after
{Heap after GC invocations=23 (full 0):
 garbage-first heap   total 317440K, used 113618K [0x0000000080000000, 0x0000000100000000)
  region size 1024K, 23 young (23552K), 23 survivors (23552K)
 Metaspace       used 115350K, committed 117568K, reserved 1179648K
  class space    used 15808K, committed 16896K, reserved 1048576K
}

